<?xml version="1.0" encoding="UTF-8"?>
<testsuite xmlns:xsi="http://www.w3.org/2001/XMLSchema-instance" xsi:noNamespaceSchemaLocation="https://maven.apache.org/surefire/maven-surefire-plugin/xsd/surefire-test-report-3.0.xsd" version="3.0" name="com.qa.runner.TestRunner" time="37.713" tests="2" errors="0" skipped="0" failures="0">
  <properties>
[...]
</properties>
  <testcase name="Validate adding 1 item to TO DO list" classname="To Do MVC functionality" time="14.342"/>
  <testcase name="Validate adding more than 1 items to TO DO list" classname="To Do MVC functionality" time="23.044"/>
</testsuite>